This file contains any messages produced by compilers while
running configure, to aid debugging if configure makes a mistake.

It was created by configure, which was
generated by GNU Autoconf 2.68.  Invocation command line was

  $ ./configure --disable-option-checking --prefix=/usr/local --enable-x3270 --cache-file=/dev/null --srcdir=.

## --------- ##
## Platform. ##
## --------- ##

hostname = mainframe-hacker
uname -m = x86_64
uname -r = 4.4.0-77-generic
uname -s = Linux
uname -v = #98-Ubuntu SMP Wed Apr 26 08:34:02 UTC 2017

/usr/bin/uname -p = unknown
/bin/uname -X     = unknown

/bin/arch              = unknown
/usr/bin/arch -k       = unknown
/usr/convex/getsysinfo = unknown
/usr/bin/hostinfo      = unknown
/bin/machine           = unknown
/usr/bin/oslevel       = unknown
/bin/universe          = unknown

PATH: /home/infosec/.rvm/gems/ruby-2.4.1/bin
PATH: /home/infosec/.rvm/gems/ruby-2.4.1@global/bin
PATH: /home/infosec/.rvm/rubies/ruby-2.4.1/bin
PATH: /usr/local/sbin
PATH: /usr/local/bin
PATH: /usr/sbin
PATH: /usr/bin
PATH: /sbin
PATH: /bin
PATH: /usr/games
PATH: /usr/local/games
PATH: /snap/bin
PATH: /home/infosec/.rvm/bin


## ----------- ##
## Core tests. ##
## ----------- ##

configure:2225: checking for a BSD-compatible install
configure:2293: result: /usr/bin/install -c
configure:2352: checking for gcc
configure:2368: found /usr/bin/gcc
configure:2379: result: gcc
configure:2608: checking for C compiler version
configure:2617: gcc --version >&5
gcc (Ubuntu 5.4.0-6ubuntu1~16.04.4) 5.4.0 20160609
Copyright (C) 2015 Free Software Foundation, Inc.
This is free software; see the source for copying conditions.  There is NO
warranty; not even for MERCHANTABILITY or FITNESS FOR A PARTICULAR PURPOSE.

configure:2628: $? = 0
configure:2617: gcc -v >&5
Using built-in specs.
COLLECT_GCC=gcc
COLLECT_LTO_WRAPPER=/usr/lib/gcc/x86_64-linux-gnu/5/lto-wrapper
Target: x86_64-linux-gnu
Configured with: ../src/configure -v --with-pkgversion='Ubuntu 5.4.0-6ubuntu1~16.04.4' --with-bugurl=file:///usr/share/doc/gcc-5/README.Bugs --enable-languages=c,ada,c++,java,go,d,fortran,objc,obj-c++ --prefix=/usr --program-suffix=-5 --enable-shared --enable-linker-build-id --libexecdir=/usr/lib --without-included-gettext --enable-threads=posix --libdir=/usr/lib --enable-nls --with-sysroot=/ --enable-clocale=gnu --enable-libstdcxx-debug --enable-libstdcxx-time=yes --with-default-libstdcxx-abi=new --enable-gnu-unique-object --disable-vtable-verify --enable-libmpx --enable-plugin --with-system-zlib --disable-browser-plugin --enable-java-awt=gtk --enable-gtk-cairo --with-java-home=/usr/lib/jvm/java-1.5.0-gcj-5-amd64/jre --enable-java-home --with-jvm-root-dir=/usr/lib/jvm/java-1.5.0-gcj-5-amd64 --with-jvm-jar-dir=/usr/lib/jvm-exports/java-1.5.0-gcj-5-amd64 --with-arch-directory=amd64 --with-ecj-jar=/usr/share/java/eclipse-ecj.jar --enable-objc-gc --enable-multiarch --disable-werror --with-arch-32=i686 --with-abi=m64 --with-multilib-list=m32,m64,mx32 --enable-multilib --with-tune=generic --enable-checking=release --build=x86_64-linux-gnu --host=x86_64-linux-gnu --target=x86_64-linux-gnu
Thread model: posix
gcc version 5.4.0 20160609 (Ubuntu 5.4.0-6ubuntu1~16.04.4) 
configure:2628: $? = 0
configure:2617: gcc -V >&5
gcc: error: unrecognized command line option '-V'
gcc: fatal error: no input files
compilation terminated.
configure:2628: $? = 1
configure:2617: gcc -qversion >&5
gcc: error: unrecognized command line option '-qversion'
gcc: fatal error: no input files
compilation terminated.
configure:2628: $? = 1
configure:2648: checking whether the C compiler works
configure:2670: gcc    conftest.c  >&5
configure:2674: $? = 0
configure:2722: result: yes
configure:2725: checking for C compiler default output file name
configure:2727: result: a.out
configure:2733: checking for suffix of executables
configure:2740: gcc -o conftest    conftest.c  >&5
configure:2744: $? = 0
configure:2766: result: 
configure:2788: checking whether we are cross compiling
configure:2796: gcc -o conftest    conftest.c  >&5
configure:2800: $? = 0
configure:2807: ./conftest
configure:2811: $? = 0
configure:2826: result: no
configure:2831: checking for suffix of object files
configure:2853: gcc -c   conftest.c >&5
configure:2857: $? = 0
configure:2878: result: o
configure:2882: checking whether we are using the GNU C compiler
configure:2901: gcc -c   conftest.c >&5
configure:2901: $? = 0
configure:2910: result: yes
configure:2919: checking whether gcc accepts -g
configure:2939: gcc -c -g  conftest.c >&5
configure:2939: $? = 0
configure:2980: result: yes
configure:2997: checking for gcc option to accept ISO C89
configure:3061: gcc  -c -g -O2  conftest.c >&5
configure:3061: $? = 0
configure:3074: result: none needed
configure:3099: checking build system type
configure:3113: result: x86_64-unknown-linux-gnu
configure:3133: checking host system type
configure:3146: result: x86_64-unknown-linux-gnu
configure:3191: checking how to run the C preprocessor
configure:3222: gcc -E  conftest.c
configure:3222: $? = 0
configure:3236: gcc -E  conftest.c
conftest.c:9:28: fatal error: ac_nonexistent.h: No such file or directory
compilation terminated.
configure:3236: $? = 1
configure: failed program was:
| /* confdefs.h */
| #define PACKAGE_NAME ""
| #define PACKAGE_TARNAME ""
| #define PACKAGE_VERSION ""
| #define PACKAGE_STRING ""
| #define PACKAGE_BUGREPORT ""
| #define PACKAGE_URL ""
| /* end confdefs.h.  */
| #include <ac_nonexistent.h>
configure:3261: result: gcc -E
configure:3281: gcc -E  conftest.c
configure:3281: $? = 0
configure:3295: gcc -E  conftest.c
conftest.c:9:28: fatal error: ac_nonexistent.h: No such file or directory
compilation terminated.
configure:3295: $? = 1
configure: failed program was:
| /* confdefs.h */
| #define PACKAGE_NAME ""
| #define PACKAGE_TARNAME ""
| #define PACKAGE_VERSION ""
| #define PACKAGE_STRING ""
| #define PACKAGE_BUGREPORT ""
| #define PACKAGE_URL ""
| /* end confdefs.h.  */
| #include <ac_nonexistent.h>
configure:3324: checking for grep that handles long lines and -e
configure:3382: result: /bin/grep
configure:3387: checking for egrep
configure:3449: result: /bin/grep -E
configure:3454: checking for ANSI C header files
configure:3474: gcc -c -g -O2  conftest.c >&5
configure:3474: $? = 0
configure:3547: gcc -o conftest -g -O2   conftest.c  >&5
configure:3547: $? = 0
configure:3547: ./conftest
configure:3547: $? = 0
configure:3558: result: yes
configure:3571: checking for sys/types.h
configure:3571: gcc -c -g -O2  conftest.c >&5
configure:3571: $? = 0
configure:3571: result: yes
configure:3571: checking for sys/stat.h
configure:3571: gcc -c -g -O2  conftest.c >&5
configure:3571: $? = 0
configure:3571: result: yes
configure:3571: checking for stdlib.h
configure:3571: gcc -c -g -O2  conftest.c >&5
configure:3571: $? = 0
configure:3571: result: yes
configure:3571: checking for string.h
configure:3571: gcc -c -g -O2  conftest.c >&5
configure:3571: $? = 0
configure:3571: result: yes
configure:3571: checking for memory.h
configure:3571: gcc -c -g -O2  conftest.c >&5
configure:3571: $? = 0
configure:3571: result: yes
configure:3571: checking for strings.h
configure:3571: gcc -c -g -O2  conftest.c >&5
configure:3571: $? = 0
configure:3571: result: yes
configure:3571: checking for inttypes.h
configure:3571: gcc -c -g -O2  conftest.c >&5
configure:3571: $? = 0
configure:3571: result: yes
configure:3571: checking for stdint.h
configure:3571: gcc -c -g -O2  conftest.c >&5
configure:3571: $? = 0
configure:3571: result: yes
configure:3571: checking for unistd.h
configure:3571: gcc -c -g -O2  conftest.c >&5
configure:3571: $? = 0
configure:3571: result: yes
configure:3585: checking sys/select.h usability
configure:3585: gcc -c -g -O2  conftest.c >&5
configure:3585: $? = 0
configure:3585: result: yes
configure:3585: checking sys/select.h presence
configure:3585: gcc -E  conftest.c
configure:3585: $? = 0
configure:3585: result: yes
configure:3585: checking for sys/select.h
configure:3585: result: yes
configure:3597: checking pty.h usability
configure:3597: gcc -c -g -O2  conftest.c >&5
configure:3597: $? = 0
configure:3597: result: yes
configure:3597: checking pty.h presence
configure:3597: gcc -E  conftest.c
configure:3597: $? = 0
configure:3597: result: yes
configure:3597: checking for pty.h
configure:3597: result: yes
configure:3609: checking libutil.h usability
configure:3609: gcc -c -g -O2  conftest.c >&5
conftest.c:54:21: fatal error: libutil.h: No such file or directory
compilation terminated.
configure:3609: $? = 1
configure: failed program was:
| /* confdefs.h */
| #define PACKAGE_NAME ""
| #define PACKAGE_TARNAME ""
| #define PACKAGE_VERSION ""
| #define PACKAGE_STRING ""
| #define PACKAGE_BUGREPORT ""
| #define PACKAGE_URL ""
| #define STDC_HEADERS 1
| #define HAVE_SYS_TYPES_H 1
| #define HAVE_SYS_STAT_H 1
| #define HAVE_STDLIB_H 1
| #define HAVE_STRING_H 1
| #define HAVE_MEMORY_H 1
| #define HAVE_STRINGS_H 1
| #define HAVE_INTTYPES_H 1
| #define HAVE_STDINT_H 1
| #define HAVE_UNISTD_H 1
| #define HAVE_SYS_SELECT_H 1
| #define HAVE_PTY_H 1
| /* end confdefs.h.  */
| #include <stdio.h>
| #ifdef HAVE_SYS_TYPES_H
| # include <sys/types.h>
| #endif
| #ifdef HAVE_SYS_STAT_H
| # include <sys/stat.h>
| #endif
| #ifdef STDC_HEADERS
| # include <stdlib.h>
| # include <stddef.h>
| #else
| # ifdef HAVE_STDLIB_H
| #  include <stdlib.h>
| # endif
| #endif
| #ifdef HAVE_STRING_H
| # if !defined STDC_HEADERS && defined HAVE_MEMORY_H
| #  include <memory.h>
| # endif
| # include <string.h>
| #endif
| #ifdef HAVE_STRINGS_H
| # include <strings.h>
| #endif
| #ifdef HAVE_INTTYPES_H
| # include <inttypes.h>
| #endif
| #ifdef HAVE_STDINT_H
| # include <stdint.h>
| #endif
| #ifdef HAVE_UNISTD_H
| # include <unistd.h>
| #endif
| #include <libutil.h>
configure:3609: result: no
configure:3609: checking libutil.h presence
configure:3609: gcc -E  conftest.c
conftest.c:21:21: fatal error: libutil.h: No such file or directory
compilation terminated.
configure:3609: $? = 1
configure: failed program was:
| /* confdefs.h */
| #define PACKAGE_NAME ""
| #define PACKAGE_TARNAME ""
| #define PACKAGE_VERSION ""
| #define PACKAGE_STRING ""
| #define PACKAGE_BUGREPORT ""
| #define PACKAGE_URL ""
| #define STDC_HEADERS 1
| #define HAVE_SYS_TYPES_H 1
| #define HAVE_SYS_STAT_H 1
| #define HAVE_STDLIB_H 1
| #define HAVE_STRING_H 1
| #define HAVE_MEMORY_H 1
| #define HAVE_STRINGS_H 1
| #define HAVE_INTTYPES_H 1
| #define HAVE_STDINT_H 1
| #define HAVE_UNISTD_H 1
| #define HAVE_SYS_SELECT_H 1
| #define HAVE_PTY_H 1
| /* end confdefs.h.  */
| #include <libutil.h>
configure:3609: result: no
configure:3609: checking for libutil.h
configure:3609: result: no
configure:3621: checking util.h usability
configure:3621: gcc -c -g -O2  conftest.c >&5
conftest.c:54:18: fatal error: util.h: No such file or directory
compilation terminated.
configure:3621: $? = 1
configure: failed program was:
| /* confdefs.h */
| #define PACKAGE_NAME ""
| #define PACKAGE_TARNAME ""
| #define PACKAGE_VERSION ""
| #define PACKAGE_STRING ""
| #define PACKAGE_BUGREPORT ""
| #define PACKAGE_URL ""
| #define STDC_HEADERS 1
| #define HAVE_SYS_TYPES_H 1
| #define HAVE_SYS_STAT_H 1
| #define HAVE_STDLIB_H 1
| #define HAVE_STRING_H 1
| #define HAVE_MEMORY_H 1
| #define HAVE_STRINGS_H 1
| #define HAVE_INTTYPES_H 1
| #define HAVE_STDINT_H 1
| #define HAVE_UNISTD_H 1
| #define HAVE_SYS_SELECT_H 1
| #define HAVE_PTY_H 1
| /* end confdefs.h.  */
| #include <stdio.h>
| #ifdef HAVE_SYS_TYPES_H
| # include <sys/types.h>
| #endif
| #ifdef HAVE_SYS_STAT_H
| # include <sys/stat.h>
| #endif
| #ifdef STDC_HEADERS
| # include <stdlib.h>
| # include <stddef.h>
| #else
| # ifdef HAVE_STDLIB_H
| #  include <stdlib.h>
| # endif
| #endif
| #ifdef HAVE_STRING_H
| # if !defined STDC_HEADERS && defined HAVE_MEMORY_H
| #  include <memory.h>
| # endif
| # include <string.h>
| #endif
| #ifdef HAVE_STRINGS_H
| # include <strings.h>
| #endif
| #ifdef HAVE_INTTYPES_H
| # include <inttypes.h>
| #endif
| #ifdef HAVE_STDINT_H
| # include <stdint.h>
| #endif
| #ifdef HAVE_UNISTD_H
| # include <unistd.h>
| #endif
| #include <util.h>
configure:3621: result: no
configure:3621: checking util.h presence
configure:3621: gcc -E  conftest.c
conftest.c:21:18: fatal error: util.h: No such file or directory
compilation terminated.
configure:3621: $? = 1
configure: failed program was:
| /* confdefs.h */
| #define PACKAGE_NAME ""
| #define PACKAGE_TARNAME ""
| #define PACKAGE_VERSION ""
| #define PACKAGE_STRING ""
| #define PACKAGE_BUGREPORT ""
| #define PACKAGE_URL ""
| #define STDC_HEADERS 1
| #define HAVE_SYS_TYPES_H 1
| #define HAVE_SYS_STAT_H 1
| #define HAVE_STDLIB_H 1
| #define HAVE_STRING_H 1
| #define HAVE_MEMORY_H 1
| #define HAVE_STRINGS_H 1
| #define HAVE_INTTYPES_H 1
| #define HAVE_STDINT_H 1
| #define HAVE_UNISTD_H 1
| #define HAVE_SYS_SELECT_H 1
| #define HAVE_PTY_H 1
| /* end confdefs.h.  */
| #include <util.h>
configure:3621: result: no
configure:3621: checking for util.h
configure:3621: result: no
configure:3633: checking getopt.h usability
configure:3633: gcc -c -g -O2  conftest.c >&5
configure:3633: $? = 0
configure:3633: result: yes
configure:3633: checking getopt.h presence
configure:3633: gcc -E  conftest.c
configure:3633: $? = 0
configure:3633: result: yes
configure:3633: checking for getopt.h
configure:3633: result: yes
configure:3668: checking openssl/ssl.h usability
configure:3668: gcc -c -g -O2  conftest.c >&5
configure:3668: $? = 0
configure:3668: result: yes
configure:3668: checking openssl/ssl.h presence
configure:3668: gcc -E  conftest.c
configure:3668: $? = 0
configure:3668: result: yes
configure:3668: checking for openssl/ssl.h
configure:3668: result: yes
configure:3695: checking for X
configure:3803: gcc -E  conftest.c
configure:3803: $? = 0
configure:3834: gcc -o conftest -g -O2   conftest.c -lX11  >&5
configure:3834: $? = 0
configure:3884: result: libraries , headers 
configure:3935: checking whether __STDC_ISO_10646__ is declared
configure:3935: gcc -c -g -O2  conftest.c >&5
configure:3935: $? = 0
configure:3935: result: yes
configure:3984: checking for library containing forkpty
configure:4015: gcc -o conftest -g -O2   conftest.c  >&5
/tmp/ccuyhDU5.o: In function `main':
/home/infosec/Labs/Tools/birp/src/suite3270-3.4/x3270/conftest.c:35: undefined reference to `forkpty'
collect2: error: ld returned 1 exit status
configure:4015: $? = 1
configure: failed program was:
| /* confdefs.h */
| #define PACKAGE_NAME ""
| #define PACKAGE_TARNAME ""
| #define PACKAGE_VERSION ""
| #define PACKAGE_STRING ""
| #define PACKAGE_BUGREPORT ""
| #define PACKAGE_URL ""
| #define STDC_HEADERS 1
| #define HAVE_SYS_TYPES_H 1
| #define HAVE_SYS_STAT_H 1
| #define HAVE_STDLIB_H 1
| #define HAVE_STRING_H 1
| #define HAVE_MEMORY_H 1
| #define HAVE_STRINGS_H 1
| #define HAVE_INTTYPES_H 1
| #define HAVE_STDINT_H 1
| #define HAVE_UNISTD_H 1
| #define HAVE_SYS_SELECT_H 1
| #define HAVE_PTY_H 1
| #define HAVE_GETOPT_H 1
| #define HAVE_OPENSSL_SSL_H 1
| #define HAVE_DECL___STDC_ISO_10646__ 1
| /* end confdefs.h.  */
| 
| /* Override any GCC internal prototype to avoid an error.
|    Use char because int might match the return type of a GCC
|    builtin and then its argument prototype would still apply.  */
| #ifdef __cplusplus
| extern "C"
| #endif
| char forkpty ();
| int
| main ()
| {
| return forkpty ();
|   ;
|   return 0;
| }
configure:4015: gcc -o conftest -g -O2   conftest.c -lutil   >&5
configure:4015: $? = 0
configure:4032: result: -lutil
configure:4042: checking for forkpty
configure:4042: gcc -o conftest -g -O2   conftest.c -lutil  >&5
configure:4042: $? = 0
configure:4042: result: yes
configure:4051: checking for library containing gethostbyname
configure:4082: gcc -o conftest -g -O2   conftest.c -lutil  >&5
configure:4082: $? = 0
configure:4099: result: none required
configure:4107: checking for library containing socket
configure:4138: gcc -o conftest -g -O2   conftest.c -lutil  >&5
configure:4138: $? = 0
configure:4155: result: none required
configure:4165: checking iconv.h usability
configure:4165: gcc -c -g -O2  conftest.c >&5
configure:4165: $? = 0
configure:4165: result: yes
configure:4165: checking iconv.h presence
configure:4165: gcc -E  conftest.c
configure:4165: $? = 0
configure:4165: result: yes
configure:4165: checking for iconv.h
configure:4165: result: yes
configure:4175: checking for library containing libiconv
configure:4206: gcc -o conftest -g -O2   conftest.c -lutil  >&5
/tmp/ccfTjMRm.o: In function `main':
/home/infosec/Labs/Tools/birp/src/suite3270-3.4/x3270/conftest.c:37: undefined reference to `libiconv'
collect2: error: ld returned 1 exit status
configure:4206: $? = 1
configure: failed program was:
| /* confdefs.h */
| #define PACKAGE_NAME ""
| #define PACKAGE_TARNAME ""
| #define PACKAGE_VERSION ""
| #define PACKAGE_STRING ""
| #define PACKAGE_BUGREPORT ""
| #define PACKAGE_URL ""
| #define STDC_HEADERS 1
| #define HAVE_SYS_TYPES_H 1
| #define HAVE_SYS_STAT_H 1
| #define HAVE_STDLIB_H 1
| #define HAVE_STRING_H 1
| #define HAVE_MEMORY_H 1
| #define HAVE_STRINGS_H 1
| #define HAVE_INTTYPES_H 1
| #define HAVE_STDINT_H 1
| #define HAVE_UNISTD_H 1
| #define HAVE_SYS_SELECT_H 1
| #define HAVE_PTY_H 1
| #define HAVE_GETOPT_H 1
| #define HAVE_OPENSSL_SSL_H 1
| #define HAVE_DECL___STDC_ISO_10646__ 1
| #define HAVE_FORKPTY 1
| #define HAVE_ICONV_H 1
| /* end confdefs.h.  */
| 
| /* Override any GCC internal prototype to avoid an error.
|    Use char because int might match the return type of a GCC
|    builtin and then its argument prototype would still apply.  */
| #ifdef __cplusplus
| extern "C"
| #endif
| char libiconv ();
| int
| main ()
| {
| return libiconv ();
|   ;
|   return 0;
| }
configure:4206: gcc -o conftest -g -O2   conftest.c -liconv  -lutil  >&5
/usr/bin/ld: cannot find -liconv
collect2: error: ld returned 1 exit status
configure:4206: $? = 1
configure: failed program was:
| /* confdefs.h */
| #define PACKAGE_NAME ""
| #define PACKAGE_TARNAME ""
| #define PACKAGE_VERSION ""
| #define PACKAGE_STRING ""
| #define PACKAGE_BUGREPORT ""
| #define PACKAGE_URL ""
| #define STDC_HEADERS 1
| #define HAVE_SYS_TYPES_H 1
| #define HAVE_SYS_STAT_H 1
| #define HAVE_STDLIB_H 1
| #define HAVE_STRING_H 1
| #define HAVE_MEMORY_H 1
| #define HAVE_STRINGS_H 1
| #define HAVE_INTTYPES_H 1
| #define HAVE_STDINT_H 1
| #define HAVE_UNISTD_H 1
| #define HAVE_SYS_SELECT_H 1
| #define HAVE_PTY_H 1
| #define HAVE_GETOPT_H 1
| #define HAVE_OPENSSL_SSL_H 1
| #define HAVE_DECL___STDC_ISO_10646__ 1
| #define HAVE_FORKPTY 1
| #define HAVE_ICONV_H 1
| /* end confdefs.h.  */
| 
| /* Override any GCC internal prototype to avoid an error.
|    Use char because int might match the return type of a GCC
|    builtin and then its argument prototype would still apply.  */
| #ifdef __cplusplus
| extern "C"
| #endif
| char libiconv ();
| int
| main ()
| {
| return libiconv ();
|   ;
|   return 0;
| }
configure:4223: result: no
configure:4230: checking for library containing iconv
configure:4261: gcc -o conftest -g -O2   conftest.c -lutil  >&5
configure:4261: $? = 0
configure:4278: result: none required
configure:4293: checking for vasprintf
configure:4293: gcc -o conftest -g -O2   conftest.c -lutil  >&5
configure:4293: $? = 0
configure:4293: result: yes
configure:4302: checking for _LARGEFILE_SOURCE value needed for large files
configure:4321: gcc -o conftest -g -O2   conftest.c -lutil  >&5
configure:4321: $? = 0
configure:4349: result: no
configure:4387: checking for CRYPTO_malloc in -lcrypto
configure:4412: gcc -o conftest -g -O2   conftest.c -lcrypto  -lutil  >&5
configure:4412: $? = 0
configure:4421: result: yes
configure:4435: checking for SSL_new in -lssl
configure:4460: gcc -o conftest -g -O2   conftest.c -lssl  -lcrypto -lutil  >&5
configure:4460: $? = 0
configure:4469: result: yes
configure:4502: checking for xmkmf
configure:4530: result: notfound
configure:4542: checking for bdftopcf
configure:4558: found /usr/bin/bdftopcf
configure:4570: result: found
configure:4583: checking for mkfontdir
configure:4599: found /usr/bin/mkfontdir
configure:4611: result: found
configure:4679: checking for gccmakedep
configure:4712: result: no
configure:4845: creating ./config.status

## ---------------------- ##
## Running config.status. ##
## ---------------------- ##

This file was extended by config.status, which was
generated by GNU Autoconf 2.68.  Invocation command line was

  CONFIG_FILES    = 
  CONFIG_HEADERS  = 
  CONFIG_LINKS    = 
  CONFIG_COMMANDS = 
  $ ./config.status 

on mainframe-hacker

config.status:855: creating Makefile
config.status:855: creating conf.h

## ---------------- ##
## Cache variables. ##
## ---------------- ##

ac_cv_build=x86_64-unknown-linux-gnu
ac_cv_c_compiler_gnu=yes
ac_cv_env_CC_set=
ac_cv_env_CC_value=
ac_cv_env_CFLAGS_set=
ac_cv_env_CFLAGS_value=
ac_cv_env_CPPFLAGS_set=
ac_cv_env_CPPFLAGS_value=
ac_cv_env_CPP_set=
ac_cv_env_CPP_value=
ac_cv_env_LDFLAGS_set=
ac_cv_env_LDFLAGS_value=
ac_cv_env_LIBS_set=
ac_cv_env_LIBS_value=
ac_cv_env_XMKMF_set=
ac_cv_env_XMKMF_value=
ac_cv_env_build_alias_set=
ac_cv_env_build_alias_value=
ac_cv_env_host_alias_set=
ac_cv_env_host_alias_value=
ac_cv_env_target_alias_set=
ac_cv_env_target_alias_value=
ac_cv_func_forkpty=yes
ac_cv_func_vasprintf=yes
ac_cv_have_decl___STDC_ISO_10646__=yes
ac_cv_have_x='have_x=yes	ac_x_includes='\'''\''	ac_x_libraries='\'''\'''
ac_cv_header_getopt_h=yes
ac_cv_header_iconv_h=yes
ac_cv_header_inttypes_h=yes
ac_cv_header_libutil_h=no
ac_cv_header_memory_h=yes
ac_cv_header_openssl_ssl_h=yes
ac_cv_header_pty_h=yes
ac_cv_header_stdc=yes
ac_cv_header_stdint_h=yes
ac_cv_header_stdlib_h=yes
ac_cv_header_string_h=yes
ac_cv_header_strings_h=yes
ac_cv_header_sys_select_h=yes
ac_cv_header_sys_stat_h=yes
ac_cv_header_sys_types_h=yes
ac_cv_header_unistd_h=yes
ac_cv_header_util_h=no
ac_cv_host=x86_64-unknown-linux-gnu
ac_cv_lib_crypto_CRYPTO_malloc=yes
ac_cv_lib_ssl_SSL_new=yes
ac_cv_objext=o
ac_cv_path_EGREP='/bin/grep -E'
ac_cv_path_GREP=/bin/grep
ac_cv_path_install='/usr/bin/install -c'
ac_cv_prog_CPP='gcc -E'
ac_cv_prog_ac_ct_CC=gcc
ac_cv_prog_bdftopcf_found=found
ac_cv_prog_cc_c89=
ac_cv_prog_cc_g=yes
ac_cv_prog_mkfontdir_found=found
ac_cv_prog_xmkmf_found=notfound
ac_cv_search_forkpty=-lutil
ac_cv_search_gethostbyname='none required'
ac_cv_search_iconv='none required'
ac_cv_search_libiconv=no
ac_cv_search_socket='none required'
ac_cv_sys_largefile_source=no

## ----------------- ##
## Output variables. ##
## ----------------- ##

CC='gcc'
CCOPTIONS='-Wall -Wsign-compare -std=c99 -pedantic -Wno-variadic-macros'
CFLAGS='-g -O2'
CIFONTDIR='$(exec_prefix)/fonts/misc'
CPP='gcc -E'
CPPFLAGS=''
DEFINE_UAD=''
DEFS='-DHAVE_CONFIG_H'
ECHO_C=''
ECHO_N='-n'
ECHO_T=''
EGREP='/bin/grep -E'
EXEEXT=''
FALLBACKS_O='fallbacks.o'
GREP='/bin/grep'
IFONTDIR='$(FONTDIR)/misc'
INSTALL_DATA='${INSTALL} -m 644'
INSTALL_PROGRAM='${INSTALL}'
INSTALL_SCRIPT='${INSTALL}'
LDFLAGS=''
LIBOBJS=''
LIBS='-lssl -lcrypto -lutil '
LIBX3270DIR='${sysconfdir}/x3270'
LTLIBOBJS=''
MAKEDEP=':'
NIXCCOPTIONS=''
OBJEXT='o'
PACKAGE_BUGREPORT=''
PACKAGE_NAME=''
PACKAGE_STRING=''
PACKAGE_TARNAME=''
PACKAGE_URL=''
PACKAGE_VERSION=''
PATH_SEPARATOR=':'
SHELL='/bin/bash'
SSL='-DHAVE_LIBSSL=1'
UAD_FLAGS='-DCOLOR'
USE_ICONV=''
XANSI='-D_POSIX_SOURCE -D_BSD_SOURCE -D_DEFAULT_SOURCE -D_XOPEN_SOURCE'
XINC=''
XLIB=''
XMKMF=''
XPRECOMP=''
ac_ct_CC='gcc'
bdftopcf_found='found'
bindir='${exec_prefix}/bin'
build='x86_64-unknown-linux-gnu'
build_alias=''
build_cpu='x86_64'
build_os='linux-gnu'
build_vendor='unknown'
datadir='${datarootdir}'
datarootdir='${prefix}/share'
docdir='${datarootdir}/doc/${PACKAGE}'
dvidir='${docdir}'
exec_prefix='${prefix}'
host='x86_64-unknown-linux-gnu'
host_alias=''
host_cpu='x86_64'
host_os='linux-gnu'
host_vendor='unknown'
htmldir='${docdir}'
includedir='${prefix}/include'
infodir='${datarootdir}/info'
libdir='${exec_prefix}/lib'
libexecdir='${exec_prefix}/libexec'
localedir='${datarootdir}/locale'
localstatedir='${prefix}/var'
mandir='${datarootdir}/man'
mkfontdir_found='found'
oldincludedir='/usr/include'
pdfdir='${docdir}'
prefix='/usr/local'
program_transform_name='s,x,x,'
psdir='${docdir}'
sbindir='${exec_prefix}/sbin'
sharedstatedir='${prefix}/com'
sysconfdir='${prefix}/etc'
target_alias=''
xmkmf_found='notfound'

## ----------- ##
## confdefs.h. ##
## ----------- ##

/* confdefs.h */
#define PACKAGE_NAME ""
#define PACKAGE_TARNAME ""
#define PACKAGE_VERSION ""
#define PACKAGE_STRING ""
#define PACKAGE_BUGREPORT ""
#define PACKAGE_URL ""
#define STDC_HEADERS 1
#define HAVE_SYS_TYPES_H 1
#define HAVE_SYS_STAT_H 1
#define HAVE_STDLIB_H 1
#define HAVE_STRING_H 1
#define HAVE_MEMORY_H 1
#define HAVE_STRINGS_H 1
#define HAVE_INTTYPES_H 1
#define HAVE_STDINT_H 1
#define HAVE_UNISTD_H 1
#define HAVE_SYS_SELECT_H 1
#define HAVE_PTY_H 1
#define HAVE_GETOPT_H 1
#define HAVE_OPENSSL_SSL_H 1
#define HAVE_DECL___STDC_ISO_10646__ 1
#define HAVE_FORKPTY 1
#define HAVE_ICONV_H 1
#define HAVE_VASPRINTF 1
#define HAVE_FSEEKO 1
#define HAVE_LIBCRYPTO 1
#define HAVE_LIBSSL 1
#define X3270_APL 1
#define X3270_DBCS 1
#define X3270_LOCAL_PROCESS 1
#define X3270_IPV6 1

configure: exit 0
