This file contains any messages produced by compilers while
running configure, to aid debugging if configure makes a mistake.

It was created by configure, which was
generated by GNU Autoconf 2.68.  Invocation command line was

  $ ./configure --disable-option-checking --prefix=/usr/local --enable-x3270 --cache-file=/dev/null --srcdir=.

## --------- ##
## Platform. ##
## --------- ##

hostname = mainframe-hacker
uname -m = x86_64
uname -r = 4.4.0-77-generic
uname -s = Linux
uname -v = #98-Ubuntu SMP Wed Apr 26 08:34:02 UTC 2017

/usr/bin/uname -p = unknown
/bin/uname -X     = unknown

/bin/arch              = unknown
/usr/bin/arch -k       = unknown
/usr/convex/getsysinfo = unknown
/usr/bin/hostinfo      = unknown
/bin/machine           = unknown
/usr/bin/oslevel       = unknown
/bin/universe          = unknown

PATH: /home/infosec/.rvm/gems/ruby-2.4.1/bin
PATH: /home/infosec/.rvm/gems/ruby-2.4.1@global/bin
PATH: /home/infosec/.rvm/rubies/ruby-2.4.1/bin
PATH: /usr/local/sbin
PATH: /usr/local/bin
PATH: /usr/sbin
PATH: /usr/bin
PATH: /sbin
PATH: /bin
PATH: /usr/games
PATH: /usr/local/games
PATH: /snap/bin
PATH: /home/infosec/.rvm/bin


## ----------- ##
## Core tests. ##
## ----------- ##

configure:2195: checking for a BSD-compatible install
configure:2263: result: /usr/bin/install -c
configure:2322: checking for gcc
configure:2338: found /usr/bin/gcc
configure:2349: result: gcc
configure:2578: checking for C compiler version
configure:2587: gcc --version >&5
gcc (Ubuntu 5.4.0-6ubuntu1~16.04.4) 5.4.0 20160609
Copyright (C) 2015 Free Software Foundation, Inc.
This is free software; see the source for copying conditions.  There is NO
warranty; not even for MERCHANTABILITY or FITNESS FOR A PARTICULAR PURPOSE.

configure:2598: $? = 0
configure:2587: gcc -v >&5
Using built-in specs.
COLLECT_GCC=gcc
COLLECT_LTO_WRAPPER=/usr/lib/gcc/x86_64-linux-gnu/5/lto-wrapper
Target: x86_64-linux-gnu
Configured with: ../src/configure -v --with-pkgversion='Ubuntu 5.4.0-6ubuntu1~16.04.4' --with-bugurl=file:///usr/share/doc/gcc-5/README.Bugs --enable-languages=c,ada,c++,java,go,d,fortran,objc,obj-c++ --prefix=/usr --program-suffix=-5 --enable-shared --enable-linker-build-id --libexecdir=/usr/lib --without-included-gettext --enable-threads=posix --libdir=/usr/lib --enable-nls --with-sysroot=/ --enable-clocale=gnu --enable-libstdcxx-debug --enable-libstdcxx-time=yes --with-default-libstdcxx-abi=new --enable-gnu-unique-object --disable-vtable-verify --enable-libmpx --enable-plugin --with-system-zlib --disable-browser-plugin --enable-java-awt=gtk --enable-gtk-cairo --with-java-home=/usr/lib/jvm/java-1.5.0-gcj-5-amd64/jre --enable-java-home --with-jvm-root-dir=/usr/lib/jvm/java-1.5.0-gcj-5-amd64 --with-jvm-jar-dir=/usr/lib/jvm-exports/java-1.5.0-gcj-5-amd64 --with-arch-directory=amd64 --with-ecj-jar=/usr/share/java/eclipse-ecj.jar --enable-objc-gc --enable-multiarch --disable-werror --with-arch-32=i686 --with-abi=m64 --with-multilib-list=m32,m64,mx32 --enable-multilib --with-tune=generic --enable-checking=release --build=x86_64-linux-gnu --host=x86_64-linux-gnu --target=x86_64-linux-gnu
Thread model: posix
gcc version 5.4.0 20160609 (Ubuntu 5.4.0-6ubuntu1~16.04.4) 
configure:2598: $? = 0
configure:2587: gcc -V >&5
gcc: error: unrecognized command line option '-V'
gcc: fatal error: no input files
compilation terminated.
configure:2598: $? = 1
configure:2587: gcc -qversion >&5
gcc: error: unrecognized command line option '-qversion'
gcc: fatal error: no input files
compilation terminated.
configure:2598: $? = 1
configure:2618: checking whether the C compiler works
configure:2640: gcc    conftest.c  >&5
configure:2644: $? = 0
configure:2692: result: yes
configure:2695: checking for C compiler default output file name
configure:2697: result: a.out
configure:2703: checking for suffix of executables
configure:2710: gcc -o conftest    conftest.c  >&5
configure:2714: $? = 0
configure:2736: result: 
configure:2758: checking whether we are cross compiling
configure:2766: gcc -o conftest    conftest.c  >&5
configure:2770: $? = 0
configure:2777: ./conftest
configure:2781: $? = 0
configure:2796: result: no
configure:2801: checking for suffix of object files
configure:2823: gcc -c   conftest.c >&5
configure:2827: $? = 0
configure:2848: result: o
configure:2852: checking whether we are using the GNU C compiler
configure:2871: gcc -c   conftest.c >&5
configure:2871: $? = 0
configure:2880: result: yes
configure:2889: checking whether gcc accepts -g
configure:2909: gcc -c -g  conftest.c >&5
configure:2909: $? = 0
configure:2950: result: yes
configure:2967: checking for gcc option to accept ISO C89
configure:3031: gcc  -c -g -O2  conftest.c >&5
configure:3031: $? = 0
configure:3044: result: none needed
configure:3107: checking for ranlib
configure:3123: found /usr/bin/ranlib
configure:3134: result: ranlib
configure:3161: checking build system type
configure:3175: result: x86_64-unknown-linux-gnu
configure:3195: checking host system type
configure:3208: result: x86_64-unknown-linux-gnu
configure:3254: checking how to run the C preprocessor
configure:3285: gcc -E  conftest.c
configure:3285: $? = 0
configure:3299: gcc -E  conftest.c
conftest.c:9:28: fatal error: ac_nonexistent.h: No such file or directory
compilation terminated.
configure:3299: $? = 1
configure: failed program was:
| /* confdefs.h */
| #define PACKAGE_NAME ""
| #define PACKAGE_TARNAME ""
| #define PACKAGE_VERSION ""
| #define PACKAGE_STRING ""
| #define PACKAGE_BUGREPORT ""
| #define PACKAGE_URL ""
| /* end confdefs.h.  */
| #include <ac_nonexistent.h>
configure:3324: result: gcc -E
configure:3344: gcc -E  conftest.c
configure:3344: $? = 0
configure:3358: gcc -E  conftest.c
conftest.c:9:28: fatal error: ac_nonexistent.h: No such file or directory
compilation terminated.
configure:3358: $? = 1
configure: failed program was:
| /* confdefs.h */
| #define PACKAGE_NAME ""
| #define PACKAGE_TARNAME ""
| #define PACKAGE_VERSION ""
| #define PACKAGE_STRING ""
| #define PACKAGE_BUGREPORT ""
| #define PACKAGE_URL ""
| /* end confdefs.h.  */
| #include <ac_nonexistent.h>
configure:3387: checking for grep that handles long lines and -e
configure:3445: result: /bin/grep
configure:3450: checking for egrep
configure:3512: result: /bin/grep -E
configure:3517: checking for ANSI C header files
configure:3537: gcc -c -g -O2  conftest.c >&5
configure:3537: $? = 0
configure:3610: gcc -o conftest -g -O2   conftest.c  >&5
configure:3610: $? = 0
configure:3610: ./conftest
configure:3610: $? = 0
configure:3621: result: yes
configure:3634: checking for sys/types.h
configure:3634: gcc -c -g -O2  conftest.c >&5
configure:3634: $? = 0
configure:3634: result: yes
configure:3634: checking for sys/stat.h
configure:3634: gcc -c -g -O2  conftest.c >&5
configure:3634: $? = 0
configure:3634: result: yes
configure:3634: checking for stdlib.h
configure:3634: gcc -c -g -O2  conftest.c >&5
configure:3634: $? = 0
configure:3634: result: yes
configure:3634: checking for string.h
configure:3634: gcc -c -g -O2  conftest.c >&5
configure:3634: $? = 0
configure:3634: result: yes
configure:3634: checking for memory.h
configure:3634: gcc -c -g -O2  conftest.c >&5
configure:3634: $? = 0
configure:3634: result: yes
configure:3634: checking for strings.h
configure:3634: gcc -c -g -O2  conftest.c >&5
configure:3634: $? = 0
configure:3634: result: yes
configure:3634: checking for inttypes.h
configure:3634: gcc -c -g -O2  conftest.c >&5
configure:3634: $? = 0
configure:3634: result: yes
configure:3634: checking for stdint.h
configure:3634: gcc -c -g -O2  conftest.c >&5
configure:3634: $? = 0
configure:3634: result: yes
configure:3634: checking for unistd.h
configure:3634: gcc -c -g -O2  conftest.c >&5
configure:3634: $? = 0
configure:3634: result: yes
configure:3648: checking sys/select.h usability
configure:3648: gcc -c -g -O2  conftest.c >&5
configure:3648: $? = 0
configure:3648: result: yes
configure:3648: checking sys/select.h presence
configure:3648: gcc -E  conftest.c
configure:3648: $? = 0
configure:3648: result: yes
configure:3648: checking for sys/select.h
configure:3648: result: yes
configure:3660: checking readline/history.h usability
configure:3660: gcc -c -g -O2  conftest.c >&5
configure:3660: $? = 0
configure:3660: result: yes
configure:3660: checking readline/history.h presence
configure:3660: gcc -E  conftest.c
configure:3660: $? = 0
configure:3660: result: yes
configure:3660: checking for readline/history.h
configure:3660: result: yes
configure:3672: checking pty.h usability
configure:3672: gcc -c -g -O2  conftest.c >&5
configure:3672: $? = 0
configure:3672: result: yes
configure:3672: checking pty.h presence
configure:3672: gcc -E  conftest.c
configure:3672: $? = 0
configure:3672: result: yes
configure:3672: checking for pty.h
configure:3672: result: yes
configure:3684: checking libutil.h usability
configure:3684: gcc -c -g -O2  conftest.c >&5
conftest.c:55:21: fatal error: libutil.h: No such file or directory
compilation terminated.
configure:3684: $? = 1
configure: failed program was:
| /* confdefs.h */
| #define PACKAGE_NAME ""
| #define PACKAGE_TARNAME ""
| #define PACKAGE_VERSION ""
| #define PACKAGE_STRING ""
| #define PACKAGE_BUGREPORT ""
| #define PACKAGE_URL ""
| #define STDC_HEADERS 1
| #define HAVE_SYS_TYPES_H 1
| #define HAVE_SYS_STAT_H 1
| #define HAVE_STDLIB_H 1
| #define HAVE_STRING_H 1
| #define HAVE_MEMORY_H 1
| #define HAVE_STRINGS_H 1
| #define HAVE_INTTYPES_H 1
| #define HAVE_STDINT_H 1
| #define HAVE_UNISTD_H 1
| #define HAVE_SYS_SELECT_H 1
| #define HAVE_READLINE_HISTORY_H 1
| #define HAVE_PTY_H 1
| /* end confdefs.h.  */
| #include <stdio.h>
| #ifdef HAVE_SYS_TYPES_H
| # include <sys/types.h>
| #endif
| #ifdef HAVE_SYS_STAT_H
| # include <sys/stat.h>
| #endif
| #ifdef STDC_HEADERS
| # include <stdlib.h>
| # include <stddef.h>
| #else
| # ifdef HAVE_STDLIB_H
| #  include <stdlib.h>
| # endif
| #endif
| #ifdef HAVE_STRING_H
| # if !defined STDC_HEADERS && defined HAVE_MEMORY_H
| #  include <memory.h>
| # endif
| # include <string.h>
| #endif
| #ifdef HAVE_STRINGS_H
| # include <strings.h>
| #endif
| #ifdef HAVE_INTTYPES_H
| # include <inttypes.h>
| #endif
| #ifdef HAVE_STDINT_H
| # include <stdint.h>
| #endif
| #ifdef HAVE_UNISTD_H
| # include <unistd.h>
| #endif
| #include <libutil.h>
configure:3684: result: no
configure:3684: checking libutil.h presence
configure:3684: gcc -E  conftest.c
conftest.c:22:21: fatal error: libutil.h: No such file or directory
compilation terminated.
configure:3684: $? = 1
configure: failed program was:
| /* confdefs.h */
| #define PACKAGE_NAME ""
| #define PACKAGE_TARNAME ""
| #define PACKAGE_VERSION ""
| #define PACKAGE_STRING ""
| #define PACKAGE_BUGREPORT ""
| #define PACKAGE_URL ""
| #define STDC_HEADERS 1
| #define HAVE_SYS_TYPES_H 1
| #define HAVE_SYS_STAT_H 1
| #define HAVE_STDLIB_H 1
| #define HAVE_STRING_H 1
| #define HAVE_MEMORY_H 1
| #define HAVE_STRINGS_H 1
| #define HAVE_INTTYPES_H 1
| #define HAVE_STDINT_H 1
| #define HAVE_UNISTD_H 1
| #define HAVE_SYS_SELECT_H 1
| #define HAVE_READLINE_HISTORY_H 1
| #define HAVE_PTY_H 1
| /* end confdefs.h.  */
| #include <libutil.h>
configure:3684: result: no
configure:3684: checking for libutil.h
configure:3684: result: no
configure:3696: checking util.h usability
configure:3696: gcc -c -g -O2  conftest.c >&5
conftest.c:55:18: fatal error: util.h: No such file or directory
compilation terminated.
configure:3696: $? = 1
configure: failed program was:
| /* confdefs.h */
| #define PACKAGE_NAME ""
| #define PACKAGE_TARNAME ""
| #define PACKAGE_VERSION ""
| #define PACKAGE_STRING ""
| #define PACKAGE_BUGREPORT ""
| #define PACKAGE_URL ""
| #define STDC_HEADERS 1
| #define HAVE_SYS_TYPES_H 1
| #define HAVE_SYS_STAT_H 1
| #define HAVE_STDLIB_H 1
| #define HAVE_STRING_H 1
| #define HAVE_MEMORY_H 1
| #define HAVE_STRINGS_H 1
| #define HAVE_INTTYPES_H 1
| #define HAVE_STDINT_H 1
| #define HAVE_UNISTD_H 1
| #define HAVE_SYS_SELECT_H 1
| #define HAVE_READLINE_HISTORY_H 1
| #define HAVE_PTY_H 1
| /* end confdefs.h.  */
| #include <stdio.h>
| #ifdef HAVE_SYS_TYPES_H
| # include <sys/types.h>
| #endif
| #ifdef HAVE_SYS_STAT_H
| # include <sys/stat.h>
| #endif
| #ifdef STDC_HEADERS
| # include <stdlib.h>
| # include <stddef.h>
| #else
| # ifdef HAVE_STDLIB_H
| #  include <stdlib.h>
| # endif
| #endif
| #ifdef HAVE_STRING_H
| # if !defined STDC_HEADERS && defined HAVE_MEMORY_H
| #  include <memory.h>
| # endif
| # include <string.h>
| #endif
| #ifdef HAVE_STRINGS_H
| # include <strings.h>
| #endif
| #ifdef HAVE_INTTYPES_H
| # include <inttypes.h>
| #endif
| #ifdef HAVE_STDINT_H
| # include <stdint.h>
| #endif
| #ifdef HAVE_UNISTD_H
| # include <unistd.h>
| #endif
| #include <util.h>
configure:3696: result: no
configure:3696: checking util.h presence
configure:3696: gcc -E  conftest.c
conftest.c:22:18: fatal error: util.h: No such file or directory
compilation terminated.
configure:3696: $? = 1
configure: failed program was:
| /* confdefs.h */
| #define PACKAGE_NAME ""
| #define PACKAGE_TARNAME ""
| #define PACKAGE_VERSION ""
| #define PACKAGE_STRING ""
| #define PACKAGE_BUGREPORT ""
| #define PACKAGE_URL ""
| #define STDC_HEADERS 1
| #define HAVE_SYS_TYPES_H 1
| #define HAVE_SYS_STAT_H 1
| #define HAVE_STDLIB_H 1
| #define HAVE_STRING_H 1
| #define HAVE_MEMORY_H 1
| #define HAVE_STRINGS_H 1
| #define HAVE_INTTYPES_H 1
| #define HAVE_STDINT_H 1
| #define HAVE_UNISTD_H 1
| #define HAVE_SYS_SELECT_H 1
| #define HAVE_READLINE_HISTORY_H 1
| #define HAVE_PTY_H 1
| /* end confdefs.h.  */
| #include <util.h>
configure:3696: result: no
configure:3696: checking for util.h
configure:3696: result: no
configure:3708: checking getopt.h usability
configure:3708: gcc -c -g -O2  conftest.c >&5
configure:3708: $? = 0
configure:3708: result: yes
configure:3708: checking getopt.h presence
configure:3708: gcc -E  conftest.c
configure:3708: $? = 0
configure:3708: result: yes
configure:3708: checking for getopt.h
configure:3708: result: yes
configure:3743: checking openssl/ssl.h usability
configure:3743: gcc -c -g -O2  conftest.c >&5
configure:3743: $? = 0
configure:3743: result: yes
configure:3743: checking openssl/ssl.h presence
configure:3743: gcc -E  conftest.c
configure:3743: $? = 0
configure:3743: result: yes
configure:3743: checking for openssl/ssl.h
configure:3743: result: yes
configure:3770: checking whether __STDC_ISO_10646__ is declared
configure:3770: gcc -c -g -O2  conftest.c >&5
configure:3770: $? = 0
configure:3770: result: yes
configure:3802: checking for library containing forkpty
configure:3833: gcc -o conftest -g -O2   conftest.c  >&5
/tmp/ccxA6qOp.o: In function `main':
/home/infosec/Labs/Tools/birp/src/suite3270-3.4/lib/conftest.c:36: undefined reference to `forkpty'
collect2: error: ld returned 1 exit status
configure:3833: $? = 1
configure: failed program was:
| /* confdefs.h */
| #define PACKAGE_NAME ""
| #define PACKAGE_TARNAME ""
| #define PACKAGE_VERSION ""
| #define PACKAGE_STRING ""
| #define PACKAGE_BUGREPORT ""
| #define PACKAGE_URL ""
| #define STDC_HEADERS 1
| #define HAVE_SYS_TYPES_H 1
| #define HAVE_SYS_STAT_H 1
| #define HAVE_STDLIB_H 1
| #define HAVE_STRING_H 1
| #define HAVE_MEMORY_H 1
| #define HAVE_STRINGS_H 1
| #define HAVE_INTTYPES_H 1
| #define HAVE_STDINT_H 1
| #define HAVE_UNISTD_H 1
| #define HAVE_SYS_SELECT_H 1
| #define HAVE_READLINE_HISTORY_H 1
| #define HAVE_PTY_H 1
| #define HAVE_GETOPT_H 1
| #define HAVE_OPENSSL_SSL_H 1
| #define HAVE_DECL___STDC_ISO_10646__ 1
| /* end confdefs.h.  */
| 
| /* Override any GCC internal prototype to avoid an error.
|    Use char because int might match the return type of a GCC
|    builtin and then its argument prototype would still apply.  */
| #ifdef __cplusplus
| extern "C"
| #endif
| char forkpty ();
| int
| main ()
| {
| return forkpty ();
|   ;
|   return 0;
| }
configure:3833: gcc -o conftest -g -O2   conftest.c -lutil   >&5
configure:3833: $? = 0
configure:3850: result: -lutil
configure:3860: checking for forkpty
configure:3860: gcc -o conftest -g -O2   conftest.c -lutil  >&5
configure:3860: $? = 0
configure:3860: result: yes
configure:3869: checking for library containing gethostbyname
configure:3900: gcc -o conftest -g -O2   conftest.c -lutil  >&5
configure:3900: $? = 0
configure:3917: result: none required
configure:3925: checking for library containing socket
configure:3956: gcc -o conftest -g -O2   conftest.c -lutil  >&5
configure:3956: $? = 0
configure:3973: result: none required
configure:3983: checking iconv.h usability
configure:3983: gcc -c -g -O2  conftest.c >&5
configure:3983: $? = 0
configure:3983: result: yes
configure:3983: checking iconv.h presence
configure:3983: gcc -E  conftest.c
configure:3983: $? = 0
configure:3983: result: yes
configure:3983: checking for iconv.h
configure:3983: result: yes
configure:3993: checking for library containing libiconv
configure:4024: gcc -o conftest -g -O2   conftest.c -lutil  >&5
/tmp/cc3PaGQE.o: In function `main':
/home/infosec/Labs/Tools/birp/src/suite3270-3.4/lib/conftest.c:38: undefined reference to `libiconv'
collect2: error: ld returned 1 exit status
configure:4024: $? = 1
configure: failed program was:
| /* confdefs.h */
| #define PACKAGE_NAME ""
| #define PACKAGE_TARNAME ""
| #define PACKAGE_VERSION ""
| #define PACKAGE_STRING ""
| #define PACKAGE_BUGREPORT ""
| #define PACKAGE_URL ""
| #define STDC_HEADERS 1
| #define HAVE_SYS_TYPES_H 1
| #define HAVE_SYS_STAT_H 1
| #define HAVE_STDLIB_H 1
| #define HAVE_STRING_H 1
| #define HAVE_MEMORY_H 1
| #define HAVE_STRINGS_H 1
| #define HAVE_INTTYPES_H 1
| #define HAVE_STDINT_H 1
| #define HAVE_UNISTD_H 1
| #define HAVE_SYS_SELECT_H 1
| #define HAVE_READLINE_HISTORY_H 1
| #define HAVE_PTY_H 1
| #define HAVE_GETOPT_H 1
| #define HAVE_OPENSSL_SSL_H 1
| #define HAVE_DECL___STDC_ISO_10646__ 1
| #define HAVE_FORKPTY 1
| #define HAVE_ICONV_H 1
| /* end confdefs.h.  */
| 
| /* Override any GCC internal prototype to avoid an error.
|    Use char because int might match the return type of a GCC
|    builtin and then its argument prototype would still apply.  */
| #ifdef __cplusplus
| extern "C"
| #endif
| char libiconv ();
| int
| main ()
| {
| return libiconv ();
|   ;
|   return 0;
| }
configure:4024: gcc -o conftest -g -O2   conftest.c -liconv  -lutil  >&5
/usr/bin/ld: cannot find -liconv
collect2: error: ld returned 1 exit status
configure:4024: $? = 1
configure: failed program was:
| /* confdefs.h */
| #define PACKAGE_NAME ""
| #define PACKAGE_TARNAME ""
| #define PACKAGE_VERSION ""
| #define PACKAGE_STRING ""
| #define PACKAGE_BUGREPORT ""
| #define PACKAGE_URL ""
| #define STDC_HEADERS 1
| #define HAVE_SYS_TYPES_H 1
| #define HAVE_SYS_STAT_H 1
| #define HAVE_STDLIB_H 1
| #define HAVE_STRING_H 1
| #define HAVE_MEMORY_H 1
| #define HAVE_STRINGS_H 1
| #define HAVE_INTTYPES_H 1
| #define HAVE_STDINT_H 1
| #define HAVE_UNISTD_H 1
| #define HAVE_SYS_SELECT_H 1
| #define HAVE_READLINE_HISTORY_H 1
| #define HAVE_PTY_H 1
| #define HAVE_GETOPT_H 1
| #define HAVE_OPENSSL_SSL_H 1
| #define HAVE_DECL___STDC_ISO_10646__ 1
| #define HAVE_FORKPTY 1
| #define HAVE_ICONV_H 1
| /* end confdefs.h.  */
| 
| /* Override any GCC internal prototype to avoid an error.
|    Use char because int might match the return type of a GCC
|    builtin and then its argument prototype would still apply.  */
| #ifdef __cplusplus
| extern "C"
| #endif
| char libiconv ();
| int
| main ()
| {
| return libiconv ();
|   ;
|   return 0;
| }
configure:4041: result: no
configure:4048: checking for library containing iconv
configure:4079: gcc -o conftest -g -O2   conftest.c -lutil  >&5
configure:4079: $? = 0
configure:4096: result: none required
configure:4111: checking for vasprintf
configure:4111: gcc -o conftest -g -O2   conftest.c -lutil  >&5
configure:4111: $? = 0
configure:4111: result: yes
configure:4120: checking for _LARGEFILE_SOURCE value needed for large files
configure:4139: gcc -o conftest -g -O2   conftest.c -lutil  >&5
configure:4139: $? = 0
configure:4167: result: no
configure:4205: checking for CRYPTO_malloc in -lcrypto
configure:4230: gcc -o conftest -g -O2   conftest.c -lcrypto  -lutil  >&5
configure:4230: $? = 0
configure:4239: result: yes
configure:4253: checking for SSL_new in -lssl
configure:4278: gcc -o conftest -g -O2   conftest.c -lssl  -lcrypto -lutil  >&5
configure:4278: $? = 0
configure:4287: result: yes
configure:4368: checking for gccmakedep
configure:4401: result: no
configure:4527: creating ./config.status

## ---------------------- ##
## Running config.status. ##
## ---------------------- ##

This file was extended by config.status, which was
generated by GNU Autoconf 2.68.  Invocation command line was

  CONFIG_FILES    = 
  CONFIG_HEADERS  = 
  CONFIG_LINKS    = 
  CONFIG_COMMANDS = 
  $ ./config.status 

on mainframe-hacker

config.status:847: creating 3270/Makefile
config.status:847: creating 3270i/Makefile
config.status:847: creating 32xx/Makefile
config.status:847: creating 3270stubs/Makefile
config.status:847: creating include/unix/conf.h

## ---------------- ##
## Cache variables. ##
## ---------------- ##

ac_cv_build=x86_64-unknown-linux-gnu
ac_cv_c_compiler_gnu=yes
ac_cv_env_CC_set=
ac_cv_env_CC_value=
ac_cv_env_CFLAGS_set=
ac_cv_env_CFLAGS_value=
ac_cv_env_CPPFLAGS_set=
ac_cv_env_CPPFLAGS_value=
ac_cv_env_CPP_set=
ac_cv_env_CPP_value=
ac_cv_env_LDFLAGS_set=
ac_cv_env_LDFLAGS_value=
ac_cv_env_LIBS_set=
ac_cv_env_LIBS_value=
ac_cv_env_build_alias_set=
ac_cv_env_build_alias_value=
ac_cv_env_host_alias_set=
ac_cv_env_host_alias_value=
ac_cv_env_target_alias_set=
ac_cv_env_target_alias_value=
ac_cv_func_forkpty=yes
ac_cv_func_vasprintf=yes
ac_cv_have_decl___STDC_ISO_10646__=yes
ac_cv_header_getopt_h=yes
ac_cv_header_iconv_h=yes
ac_cv_header_inttypes_h=yes
ac_cv_header_libutil_h=no
ac_cv_header_memory_h=yes
ac_cv_header_openssl_ssl_h=yes
ac_cv_header_pty_h=yes
ac_cv_header_readline_history_h=yes
ac_cv_header_stdc=yes
ac_cv_header_stdint_h=yes
ac_cv_header_stdlib_h=yes
ac_cv_header_string_h=yes
ac_cv_header_strings_h=yes
ac_cv_header_sys_select_h=yes
ac_cv_header_sys_stat_h=yes
ac_cv_header_sys_types_h=yes
ac_cv_header_unistd_h=yes
ac_cv_header_util_h=no
ac_cv_host=x86_64-unknown-linux-gnu
ac_cv_lib_crypto_CRYPTO_malloc=yes
ac_cv_lib_ssl_SSL_new=yes
ac_cv_objext=o
ac_cv_path_EGREP='/bin/grep -E'
ac_cv_path_GREP=/bin/grep
ac_cv_path_install='/usr/bin/install -c'
ac_cv_prog_CPP='gcc -E'
ac_cv_prog_ac_ct_CC=gcc
ac_cv_prog_ac_ct_RANLIB=ranlib
ac_cv_prog_cc_c89=
ac_cv_prog_cc_g=yes
ac_cv_search_forkpty=-lutil
ac_cv_search_gethostbyname='none required'
ac_cv_search_iconv='none required'
ac_cv_search_libiconv=no
ac_cv_search_socket='none required'
ac_cv_sys_largefile_source=no

## ----------------- ##
## Output variables. ##
## ----------------- ##

CC='gcc'
CCOPTIONS='-Wall -Wsign-compare -std=c99 -pedantic -Wno-variadic-macros'
CFLAGS='-g -O2'
CONNECT_GETPEERNAME=''
CPP='gcc -E'
CPPFLAGS=''
DEFS='-DHAVE_CONFIG_H'
ECHO_C=''
ECHO_N='-n'
ECHO_T=''
EGREP='/bin/grep -E'
EXEEXT=''
GREP='/bin/grep'
HSOPTS='-D_POSIX_SOURCE -D_BSD_SOURCE -D_DEFAULT_SOURCE -D_XOPEN_SOURCE'
INSTALL_DATA='${INSTALL} -m 644'
INSTALL_PROGRAM='${INSTALL}'
INSTALL_SCRIPT='${INSTALL}'
LDFLAGS=''
LIBOBJS=''
LIBS='-lssl -lcrypto -lutil '
LIBX3270DIR='${sysconfdir}/x3270'
LTLIBOBJS=''
MAKEDEP=':'
OBJEXT='o'
PACKAGE_BUGREPORT=''
PACKAGE_NAME=''
PACKAGE_STRING=''
PACKAGE_TARNAME=''
PACKAGE_URL=''
PACKAGE_VERSION=''
PATH_SEPARATOR=':'
RANLIB='ranlib'
SHELL='/bin/bash'
USE_ICONV=''
ac_ct_CC='gcc'
bindir='${exec_prefix}/bin'
build='x86_64-unknown-linux-gnu'
build_alias=''
build_cpu='x86_64'
build_os='linux-gnu'
build_vendor='unknown'
datadir='${datarootdir}'
datarootdir='${prefix}/share'
docdir='${datarootdir}/doc/${PACKAGE}'
dvidir='${docdir}'
exec_prefix='${prefix}'
host='x86_64-unknown-linux-gnu'
host_alias=''
host_cpu='x86_64'
host_os='linux-gnu'
host_vendor='unknown'
htmldir='${docdir}'
includedir='${prefix}/include'
infodir='${datarootdir}/info'
libdir='${exec_prefix}/lib'
libexecdir='${exec_prefix}/libexec'
localedir='${datarootdir}/locale'
localstatedir='${prefix}/var'
mandir='${datarootdir}/man'
oldincludedir='/usr/include'
pdfdir='${docdir}'
prefix='/usr/local'
program_transform_name='s,x,x,'
psdir='${docdir}'
sbindir='${exec_prefix}/sbin'
sharedstatedir='${prefix}/com'
sysconfdir='${prefix}/etc'
target_alias=''

## ----------- ##
## confdefs.h. ##
## ----------- ##

/* confdefs.h */
#define PACKAGE_NAME ""
#define PACKAGE_TARNAME ""
#define PACKAGE_VERSION ""
#define PACKAGE_STRING ""
#define PACKAGE_BUGREPORT ""
#define PACKAGE_URL ""
#define STDC_HEADERS 1
#define HAVE_SYS_TYPES_H 1
#define HAVE_SYS_STAT_H 1
#define HAVE_STDLIB_H 1
#define HAVE_STRING_H 1
#define HAVE_MEMORY_H 1
#define HAVE_STRINGS_H 1
#define HAVE_INTTYPES_H 1
#define HAVE_STDINT_H 1
#define HAVE_UNISTD_H 1
#define HAVE_SYS_SELECT_H 1
#define HAVE_READLINE_HISTORY_H 1
#define HAVE_PTY_H 1
#define HAVE_GETOPT_H 1
#define HAVE_OPENSSL_SSL_H 1
#define HAVE_DECL___STDC_ISO_10646__ 1
#define HAVE_FORKPTY 1
#define HAVE_ICONV_H 1
#define HAVE_VASPRINTF 1
#define HAVE_FSEEKO 1
#define HAVE_LIBCRYPTO 1
#define HAVE_LIBSSL 1
#define X3270_APL 1
#define X3270_DBCS 1
#define X3270_LOCAL_PROCESS 1
#define X3270_IPV6 1

configure: exit 0
